<?xml version="1.0" encoding="UTF-8"?>
<!-- Generated by org.testng.reporters.JUnitXMLReporter -->
<testsuite ignored="3" hostname="RITESH" failures="0" tests="4" name="marketing" time="113.765" errors="0" timestamp="2024-11-06T17:35:57 IST">
  <testcase classname="com.mondh.vtiger.TestScript.MarketingAccountTestScript" name="verifyVT001CreateAccounts" time="58.657"/>
  <testcase classname="com.mondh.vtiger.TestScript.MarketingAccountTestScript" name="verifyVT002UpdateAccounts" time="15.952"/>
  <testcase classname="com.mondh.vtiger.TestScript.MarketingAccountTestScript" name="verifyVT003SearchAccounts" time="5.862"/>
  <testcase classname="com.mondh.vtiger.TestScript.MarketingAccountTestScript" name="verifyVT004DeleteAccount" time="13.767"/>
  <testcase classname="com.mondh.vtiger.TestScript.InventoryInvoiceTestScript" name="verifyVT005CreateInvoice" time="0.0">
    <ignored/>
  </testcase> <!-- verifyVT005CreateInvoice -->
  <testcase classname="com.mondh.vtiger.TestScript.BaseTest" name="@AfterSuite afterSuite" time="0.0">
    <ignored/>
  </testcase> <!-- @AfterSuite afterSuite -->
  <testcase classname="com.mondh.vtiger.TestScript.BaseTest" name="@BeforeSuite beforeSuite" time="0.0">
    <ignored/>
  </testcase> <!-- @BeforeSuite beforeSuite -->
</testsuite> <!-- marketing -->
