<?xml version="1.0" encoding="UTF-8"?>
<testng-results ignored="0" total="4" passed="4" failed="0" skipped="0">
  <reporter-output>
  </reporter-output>
  <suite started-at="2024-11-04T17:03:10 IST" name="VtigerTesting" finished-at="2024-11-04T17:04:22 IST" duration-ms="71790">
    <groups>
      <group name="Smoke">
        <method signature="MarketingAccountTestScript.verifyVT001CreateAccounts(java.lang.String,java.lang.String,java.lang.String,java.lang.String,java.lang.String,java.lang.String)[pri:1, instance:com.mondh.vtiger.TestScript.MarketingAccountTestScript@2925bf5b]" name="verifyVT001CreateAccounts" class="com.mondh.vtiger.TestScript.MarketingAccountTestScript"/>
        <method signature="MarketingAccountTestScript.verifyVT002UpdateAccounts()[pri:2, instance:com.mondh.vtiger.TestScript.MarketingAccountTestScript@2925bf5b]" name="verifyVT002UpdateAccounts" class="com.mondh.vtiger.TestScript.MarketingAccountTestScript"/>
        <method signature="MarketingAccountTestScript.verifyVT003SearchAccounts()[pri:3, instance:com.mondh.vtiger.TestScript.MarketingAccountTestScript@2925bf5b]" name="verifyVT003SearchAccounts" class="com.mondh.vtiger.TestScript.MarketingAccountTestScript"/>
        <method signature="MarketingAccountTestScript.verifyVT004DeleteAccount()[pri:4, instance:com.mondh.vtiger.TestScript.MarketingAccountTestScript@2925bf5b]" name="verifyVT004DeleteAccount" class="com.mondh.vtiger.TestScript.MarketingAccountTestScript"/>
      </group> <!-- Smoke -->
    </groups>
    <test started-at="2024-11-04T17:03:10 IST" name="marketing" finished-at="2024-11-04T17:04:22 IST" duration-ms="71790">
      <class name="com.mondh.vtiger.TestScript.MarketingAccountTestScript">
        <test-method is-config="true" signature="beforeSuite()[pri:0, instance:com.mondh.vtiger.TestScript.MarketingAccountTestScript@2925bf5b]" started-at="2024-11-04T17:03:09 IST" name="beforeSuite" finished-at="2024-11-04T17:03:10 IST" duration-ms="451" status="PASS">
          <reporter-output>
          </reporter-output>
        </test-method> <!-- beforeSuite -->
        <test-method is-config="true" signature="beforeClass(java.lang.String)[pri:0, instance:com.mondh.vtiger.TestScript.MarketingAccountTestScript@2925bf5b]" started-at="2024-11-04T17:03:10 IST" name="beforeClass" finished-at="2024-11-04T17:03:15 IST" duration-ms="5244" status="PASS">
          <params>
            <param index="0">
              <value>
                <![CDATA[ChromeBrowser]]>
              </value>
            </param>
          </params>
          <reporter-output>
          </reporter-output>
        </test-method> <!-- beforeClass -->
        <test-method is-config="true" signature="beforegroup()[pri:0, instance:com.mondh.vtiger.TestScript.MarketingAccountTestScript@2925bf5b]" started-at="2024-11-04T17:03:15 IST" name="beforegroup" finished-at="2024-11-04T17:03:15 IST" duration-ms="1" status="PASS">
          <reporter-output>
          </reporter-output>
        </test-method> <!-- beforegroup -->
        <test-method is-config="true" signature="beforeMethod(java.lang.reflect.Method)[pri:0, instance:com.mondh.vtiger.TestScript.MarketingAccountTestScript@2925bf5b]" started-at="2024-11-04T17:03:15 IST" name="beforeMethod" finished-at="2024-11-04T17:03:18 IST" duration-ms="2831" status="PASS">
          <params>
            <param index="0">
              <value>
                <![CDATA[public void com.mondh.vtiger.TestScript.MarketingAccountTestScript.verifyVT001CreateAccounts(java.lang.String,java.lang.String,java.lang.String,java.lang.String,java.lang.String,java.lang.String) throws java.lang.Exception]]>
              </value>
            </param>
          </params>
          <reporter-output>
          </reporter-output>
        </test-method> <!-- beforeMethod -->
        <test-method signature="verifyVT001CreateAccounts(java.lang.String,java.lang.String,java.lang.String,java.lang.String,java.lang.String,java.lang.String)[pri:1, instance:com.mondh.vtiger.TestScript.MarketingAccountTestScript@2925bf5b]" started-at="2024-11-04T17:03:18 IST" name="verifyVT001CreateAccounts" data-provider="datainformation" finished-at="2024-11-04T17:03:36 IST" duration-ms="17752" status="PASS">
          <params>
            <param index="0">
              <value>
                <![CDATA[rajaBhai]]>
              </value>
            </param>
            <param index="1">
              <value>
                <![CDATA[www.bhadohi.com]]>
              </value>
            </param>
            <param index="2">
              <value>
                <![CDATA[7412589630]]>
              </value>
            </param>
            <param index="3">
              <value>
                <![CDATA[djmodh]]>
              </value>
            </param>
            <param index="4">
              <value>
                <![CDATA[@gmai.com]]>
              </value>
            </param>
            <param index="5">
              <value>
                <![CDATA[1239874565]]>
              </value>
            </param>
          </params>
          <reporter-output>
          </reporter-output>
        </test-method> <!-- verifyVT001CreateAccounts -->
        <test-method is-config="true" signature="afterMethod(org.testng.ITestResult,java.lang.reflect.Method)[pri:0, instance:com.mondh.vtiger.TestScript.MarketingAccountTestScript@2925bf5b]" started-at="2024-11-04T17:03:36 IST" name="afterMethod" finished-at="2024-11-04T17:03:37 IST" duration-ms="1682" status="PASS">
          <params>
            <param index="0">
              <value>
                <![CDATA[[TestResult name=verifyVT001CreateAccounts status=SUCCESS method=MarketingAccountTestScript.verifyVT001CreateAccounts(java.lang.String,java.lang.String,java.lang.String,java.lang.String,java.lang.String,java.lang.String)[pri:1, instance:com.mondh.vtiger.TestScript.MarketingAccountTestScript@2925bf5b] output={null}]]]>
              </value>
            </param>
            <param index="1">
              <value>
                <![CDATA[public void com.mondh.vtiger.TestScript.MarketingAccountTestScript.verifyVT001CreateAccounts(java.lang.String,java.lang.String,java.lang.String,java.lang.String,java.lang.String,java.lang.String) throws java.lang.Exception]]>
              </value>
            </param>
          </params>
          <reporter-output>
          </reporter-output>
        </test-method> <!-- afterMethod -->
        <test-method is-config="true" signature="beforeMethod(java.lang.reflect.Method)[pri:0, instance:com.mondh.vtiger.TestScript.MarketingAccountTestScript@2925bf5b]" started-at="2024-11-04T17:03:37 IST" name="beforeMethod" finished-at="2024-11-04T17:03:40 IST" duration-ms="2579" status="PASS">
          <params>
            <param index="0">
              <value>
                <![CDATA[public void com.mondh.vtiger.TestScript.MarketingAccountTestScript.verifyVT002UpdateAccounts() throws java.lang.Exception]]>
              </value>
            </param>
          </params>
          <reporter-output>
          </reporter-output>
        </test-method> <!-- beforeMethod -->
        <test-method signature="verifyVT002UpdateAccounts()[pri:2, instance:com.mondh.vtiger.TestScript.MarketingAccountTestScript@2925bf5b]" started-at="2024-11-04T17:03:40 IST" name="verifyVT002UpdateAccounts" finished-at="2024-11-04T17:03:56 IST" duration-ms="15580" status="PASS">
          <reporter-output>
          </reporter-output>
        </test-method> <!-- verifyVT002UpdateAccounts -->
        <test-method is-config="true" signature="afterMethod(org.testng.ITestResult,java.lang.reflect.Method)[pri:0, instance:com.mondh.vtiger.TestScript.MarketingAccountTestScript@2925bf5b]" started-at="2024-11-04T17:03:56 IST" name="afterMethod" finished-at="2024-11-04T17:03:57 IST" duration-ms="1300" status="PASS">
          <params>
            <param index="0">
              <value>
                <![CDATA[[TestResult name=verifyVT002UpdateAccounts status=SUCCESS method=MarketingAccountTestScript.verifyVT002UpdateAccounts()[pri:2, instance:com.mondh.vtiger.TestScript.MarketingAccountTestScript@2925bf5b] output={null}]]]>
              </value>
            </param>
            <param index="1">
              <value>
                <![CDATA[public void com.mondh.vtiger.TestScript.MarketingAccountTestScript.verifyVT002UpdateAccounts() throws java.lang.Exception]]>
              </value>
            </param>
          </params>
          <reporter-output>
          </reporter-output>
        </test-method> <!-- afterMethod -->
        <test-method is-config="true" signature="beforeMethod(java.lang.reflect.Method)[pri:0, instance:com.mondh.vtiger.TestScript.MarketingAccountTestScript@2925bf5b]" started-at="2024-11-04T17:03:57 IST" name="beforeMethod" finished-at="2024-11-04T17:03:59 IST" duration-ms="2214" status="PASS">
          <params>
            <param index="0">
              <value>
                <![CDATA[public void com.mondh.vtiger.TestScript.MarketingAccountTestScript.verifyVT003SearchAccounts() throws java.lang.Exception]]>
              </value>
            </param>
          </params>
          <reporter-output>
          </reporter-output>
        </test-method> <!-- beforeMethod -->
        <test-method signature="verifyVT003SearchAccounts()[pri:3, instance:com.mondh.vtiger.TestScript.MarketingAccountTestScript@2925bf5b]" started-at="2024-11-04T17:03:59 IST" name="verifyVT003SearchAccounts" finished-at="2024-11-04T17:04:04 IST" duration-ms="5032" status="PASS">
          <reporter-output>
          </reporter-output>
        </test-method> <!-- verifyVT003SearchAccounts -->
        <test-method is-config="true" signature="afterMethod(org.testng.ITestResult,java.lang.reflect.Method)[pri:0, instance:com.mondh.vtiger.TestScript.MarketingAccountTestScript@2925bf5b]" started-at="2024-11-04T17:04:04 IST" name="afterMethod" finished-at="2024-11-04T17:04:05 IST" duration-ms="1064" status="PASS">
          <params>
            <param index="0">
              <value>
                <![CDATA[[TestResult name=verifyVT003SearchAccounts status=SUCCESS method=MarketingAccountTestScript.verifyVT003SearchAccounts()[pri:3, instance:com.mondh.vtiger.TestScript.MarketingAccountTestScript@2925bf5b] output={null}]]]>
              </value>
            </param>
            <param index="1">
              <value>
                <![CDATA[public void com.mondh.vtiger.TestScript.MarketingAccountTestScript.verifyVT003SearchAccounts() throws java.lang.Exception]]>
              </value>
            </param>
          </params>
          <reporter-output>
          </reporter-output>
        </test-method> <!-- afterMethod -->
        <test-method is-config="true" signature="beforeMethod(java.lang.reflect.Method)[pri:0, instance:com.mondh.vtiger.TestScript.MarketingAccountTestScript@2925bf5b]" started-at="2024-11-04T17:04:05 IST" name="beforeMethod" finished-at="2024-11-04T17:04:07 IST" duration-ms="1717" status="PASS">
          <params>
            <param index="0">
              <value>
                <![CDATA[public void com.mondh.vtiger.TestScript.MarketingAccountTestScript.verifyVT004DeleteAccount() throws java.lang.InterruptedException]]>
              </value>
            </param>
          </params>
          <reporter-output>
          </reporter-output>
        </test-method> <!-- beforeMethod -->
        <test-method signature="verifyVT004DeleteAccount()[pri:4, instance:com.mondh.vtiger.TestScript.MarketingAccountTestScript@2925bf5b]" started-at="2024-11-04T17:04:07 IST" name="verifyVT004DeleteAccount" finished-at="2024-11-04T17:04:20 IST" duration-ms="13221" status="PASS">
          <reporter-output>
          </reporter-output>
        </test-method> <!-- verifyVT004DeleteAccount -->
        <test-method is-config="true" signature="afterMethod(org.testng.ITestResult,java.lang.reflect.Method)[pri:0, instance:com.mondh.vtiger.TestScript.MarketingAccountTestScript@2925bf5b]" started-at="2024-11-04T17:04:20 IST" name="afterMethod" finished-at="2024-11-04T17:04:21 IST" duration-ms="1259" status="PASS">
          <params>
            <param index="0">
              <value>
                <![CDATA[[TestResult name=verifyVT004DeleteAccount status=SUCCESS method=MarketingAccountTestScript.verifyVT004DeleteAccount()[pri:4, instance:com.mondh.vtiger.TestScript.MarketingAccountTestScript@2925bf5b] output={null}]]]>
              </value>
            </param>
            <param index="1">
              <value>
                <![CDATA[public void com.mondh.vtiger.TestScript.MarketingAccountTestScript.verifyVT004DeleteAccount() throws java.lang.InterruptedException]]>
              </value>
            </param>
          </params>
          <reporter-output>
          </reporter-output>
        </test-method> <!-- afterMethod -->
        <test-method is-config="true" signature="aftergroup()[pri:0, instance:com.mondh.vtiger.TestScript.MarketingAccountTestScript@2925bf5b]" started-at="2024-11-04T17:04:21 IST" name="aftergroup" finished-at="2024-11-04T17:04:21 IST" duration-ms="1" status="PASS">
          <reporter-output>
          </reporter-output>
        </test-method> <!-- aftergroup -->
        <test-method is-config="true" signature="afterClass()[pri:0, instance:com.mondh.vtiger.TestScript.MarketingAccountTestScript@2925bf5b]" started-at="2024-11-04T17:04:21 IST" name="afterClass" finished-at="2024-11-04T17:04:22 IST" duration-ms="228" status="PASS">
          <reporter-output>
          </reporter-output>
        </test-method> <!-- afterClass -->
        <test-method is-config="true" signature="afterSuite()[pri:0, instance:com.mondh.vtiger.TestScript.MarketingAccountTestScript@2925bf5b]" started-at="2024-11-04T17:04:22 IST" name="afterSuite" finished-at="2024-11-04T17:04:22 IST" duration-ms="14" status="PASS">
          <reporter-output>
          </reporter-output>
        </test-method> <!-- afterSuite -->
      </class> <!-- com.mondh.vtiger.TestScript.MarketingAccountTestScript -->
    </test> <!-- marketing -->
  </suite> <!-- VtigerTesting -->
</testng-results>
