<?xml version="1.0" encoding="UTF-8"?>
<!-- Generated by org.testng.reporters.JUnitXMLReporter -->
<testsuite ignored="3" hostname="RITESH" failures="0" tests="4" name="marketing" time="76.679" errors="0" timestamp="2024-10-13T22:58:49 IST">
  <testcase classname="com.mondh.vtiger.TestScript.MarketingAccountTestScript" name="verifyVT001CreateAccounts" time="18.184"/>
  <testcase classname="com.mondh.vtiger.TestScript.MarketingAccountTestScript" name="verifyVT002UpdateAccounts" time="15.117"/>
  <testcase classname="com.mondh.vtiger.TestScript.MarketingAccountTestScript" name="verifyVT003SearchAccounts" time="5.292"/>
  <testcase classname="com.mondh.vtiger.TestScript.MarketingAccountTestScript" name="verifyVT004DeleteAccount" time="13.85"/>
  <testcase classname="com.mondh.vtiger.TestScript.BaseTest" name="@AfterSuite afterSuite" time="0.0">
    <ignored/>
  </testcase> <!-- @AfterSuite afterSuite -->
  <testcase classname="com.mondh.vtiger.TestScript.InventoryInvoiceTestScript" name="verifyVT005CreateInvoice" time="0.0">
    <ignored/>
  </testcase> <!-- verifyVT005CreateInvoice -->
  <testcase classname="com.mondh.vtiger.TestScript.BaseTest" name="@BeforeSuite beforeSuite" time="0.0">
    <ignored/>
  </testcase> <!-- @BeforeSuite beforeSuite -->
</testsuite> <!-- marketing -->
