<?xml version="1.0" encoding="UTF-8"?>
<testng-results ignored="0" total="4" passed="4" failed="0" skipped="0">
  <reporter-output>
  </reporter-output>
  <suite started-at="2024-11-06T17:34:03 IST" name="VtigerTesting" finished-at="2024-11-06T17:35:57 IST" duration-ms="113765">
    <groups>
      <group name="Smoke">
        <method signature="MarketingAccountTestScript.verifyVT001CreateAccounts()[pri:1, instance:com.mondh.vtiger.TestScript.MarketingAccountTestScript@26794848]" name="verifyVT001CreateAccounts" class="com.mondh.vtiger.TestScript.MarketingAccountTestScript"/>
        <method signature="MarketingAccountTestScript.verifyVT002UpdateAccounts()[pri:2, instance:com.mondh.vtiger.TestScript.MarketingAccountTestScript@26794848]" name="verifyVT002UpdateAccounts" class="com.mondh.vtiger.TestScript.MarketingAccountTestScript"/>
        <method signature="MarketingAccountTestScript.verifyVT003SearchAccounts()[pri:3, instance:com.mondh.vtiger.TestScript.MarketingAccountTestScript@26794848]" name="verifyVT003SearchAccounts" class="com.mondh.vtiger.TestScript.MarketingAccountTestScript"/>
        <method signature="MarketingAccountTestScript.verifyVT004DeleteAccount()[pri:4, instance:com.mondh.vtiger.TestScript.MarketingAccountTestScript@26794848]" name="verifyVT004DeleteAccount" class="com.mondh.vtiger.TestScript.MarketingAccountTestScript"/>
      </group> <!-- Smoke -->
    </groups>
    <test started-at="2024-11-06T17:34:03 IST" name="marketing" finished-at="2024-11-06T17:35:57 IST" duration-ms="113765">
      <class name="com.mondh.vtiger.TestScript.MarketingAccountTestScript">
        <test-method is-config="true" signature="beforeSuite()[pri:0, instance:com.mondh.vtiger.TestScript.MarketingAccountTestScript@26794848]" started-at="2024-11-06T17:34:03 IST" name="beforeSuite" finished-at="2024-11-06T17:34:03 IST" duration-ms="439" status="PASS">
          <reporter-output>
          </reporter-output>
        </test-method> <!-- beforeSuite -->
        <test-method is-config="true" signature="beforeClass(java.lang.String)[pri:0, instance:com.mondh.vtiger.TestScript.MarketingAccountTestScript@26794848]" started-at="2024-11-06T17:34:03 IST" name="beforeClass" finished-at="2024-11-06T17:34:07 IST" duration-ms="3841" status="PASS">
          <params>
            <param index="0">
              <value>
                <![CDATA[ChromeBrowser]]>
              </value>
            </param>
          </params>
          <reporter-output>
          </reporter-output>
        </test-method> <!-- beforeClass -->
        <test-method is-config="true" signature="beforegroup()[pri:0, instance:com.mondh.vtiger.TestScript.MarketingAccountTestScript@26794848]" started-at="2024-11-06T17:34:07 IST" name="beforegroup" finished-at="2024-11-06T17:34:07 IST" duration-ms="2" status="PASS">
          <reporter-output>
          </reporter-output>
        </test-method> <!-- beforegroup -->
        <test-method is-config="true" signature="beforeMethod(java.lang.String,java.lang.String,java.lang.reflect.Method)[pri:0, instance:com.mondh.vtiger.TestScript.MarketingAccountTestScript@26794848]" started-at="2024-11-06T17:34:07 IST" name="beforeMethod" finished-at="2024-11-06T17:34:10 IST" duration-ms="2522" status="PASS">
          <params>
            <param index="0">
              <value>
                <![CDATA[admin]]>
              </value>
            </param>
            <param index="1">
              <value>
                <![CDATA[admin]]>
              </value>
            </param>
            <param index="2">
              <value>
                <![CDATA[public void com.mondh.vtiger.TestScript.MarketingAccountTestScript.verifyVT001CreateAccounts() throws java.lang.Exception]]>
              </value>
            </param>
          </params>
          <reporter-output>
          </reporter-output>
        </test-method> <!-- beforeMethod -->
        <test-method signature="verifyVT001CreateAccounts()[pri:1, instance:com.mondh.vtiger.TestScript.MarketingAccountTestScript@26794848]" started-at="2024-11-06T17:34:10 IST" name="verifyVT001CreateAccounts" finished-at="2024-11-06T17:35:08 IST" duration-ms="58657" status="PASS">
          <reporter-output>
          </reporter-output>
        </test-method> <!-- verifyVT001CreateAccounts -->
        <test-method is-config="true" signature="afterMethod(org.testng.ITestResult,java.lang.reflect.Method)[pri:0, instance:com.mondh.vtiger.TestScript.MarketingAccountTestScript@26794848]" started-at="2024-11-06T17:35:08 IST" name="afterMethod" finished-at="2024-11-06T17:35:11 IST" duration-ms="2338" status="PASS">
          <params>
            <param index="0">
              <value>
                <![CDATA[[TestResult name=verifyVT001CreateAccounts status=SUCCESS method=MarketingAccountTestScript.verifyVT001CreateAccounts()[pri:1, instance:com.mondh.vtiger.TestScript.MarketingAccountTestScript@26794848] output={null}]]]>
              </value>
            </param>
            <param index="1">
              <value>
                <![CDATA[public void com.mondh.vtiger.TestScript.MarketingAccountTestScript.verifyVT001CreateAccounts() throws java.lang.Exception]]>
              </value>
            </param>
          </params>
          <reporter-output>
          </reporter-output>
        </test-method> <!-- afterMethod -->
        <test-method is-config="true" signature="beforeMethod(java.lang.String,java.lang.String,java.lang.reflect.Method)[pri:0, instance:com.mondh.vtiger.TestScript.MarketingAccountTestScript@26794848]" started-at="2024-11-06T17:35:11 IST" name="beforeMethod" finished-at="2024-11-06T17:35:13 IST" duration-ms="2208" status="PASS">
          <params>
            <param index="0">
              <value>
                <![CDATA[admin]]>
              </value>
            </param>
            <param index="1">
              <value>
                <![CDATA[admin]]>
              </value>
            </param>
            <param index="2">
              <value>
                <![CDATA[public void com.mondh.vtiger.TestScript.MarketingAccountTestScript.verifyVT002UpdateAccounts() throws java.lang.Exception]]>
              </value>
            </param>
          </params>
          <reporter-output>
          </reporter-output>
        </test-method> <!-- beforeMethod -->
        <test-method signature="verifyVT002UpdateAccounts()[pri:2, instance:com.mondh.vtiger.TestScript.MarketingAccountTestScript@26794848]" started-at="2024-11-06T17:35:13 IST" name="verifyVT002UpdateAccounts" finished-at="2024-11-06T17:35:29 IST" duration-ms="15952" status="PASS">
          <reporter-output>
          </reporter-output>
        </test-method> <!-- verifyVT002UpdateAccounts -->
        <test-method is-config="true" signature="afterMethod(org.testng.ITestResult,java.lang.reflect.Method)[pri:0, instance:com.mondh.vtiger.TestScript.MarketingAccountTestScript@26794848]" started-at="2024-11-06T17:35:29 IST" name="afterMethod" finished-at="2024-11-06T17:35:30 IST" duration-ms="1225" status="PASS">
          <params>
            <param index="0">
              <value>
                <![CDATA[[TestResult name=verifyVT002UpdateAccounts status=SUCCESS method=MarketingAccountTestScript.verifyVT002UpdateAccounts()[pri:2, instance:com.mondh.vtiger.TestScript.MarketingAccountTestScript@26794848] output={null}]]]>
              </value>
            </param>
            <param index="1">
              <value>
                <![CDATA[public void com.mondh.vtiger.TestScript.MarketingAccountTestScript.verifyVT002UpdateAccounts() throws java.lang.Exception]]>
              </value>
            </param>
          </params>
          <reporter-output>
          </reporter-output>
        </test-method> <!-- afterMethod -->
        <test-method is-config="true" signature="beforeMethod(java.lang.String,java.lang.String,java.lang.reflect.Method)[pri:0, instance:com.mondh.vtiger.TestScript.MarketingAccountTestScript@26794848]" started-at="2024-11-06T17:35:30 IST" name="beforeMethod" finished-at="2024-11-06T17:35:32 IST" duration-ms="2152" status="PASS">
          <params>
            <param index="0">
              <value>
                <![CDATA[admin]]>
              </value>
            </param>
            <param index="1">
              <value>
                <![CDATA[admin]]>
              </value>
            </param>
            <param index="2">
              <value>
                <![CDATA[public void com.mondh.vtiger.TestScript.MarketingAccountTestScript.verifyVT003SearchAccounts() throws java.lang.Exception]]>
              </value>
            </param>
          </params>
          <reporter-output>
          </reporter-output>
        </test-method> <!-- beforeMethod -->
        <test-method signature="verifyVT003SearchAccounts()[pri:3, instance:com.mondh.vtiger.TestScript.MarketingAccountTestScript@26794848]" started-at="2024-11-06T17:35:32 IST" name="verifyVT003SearchAccounts" finished-at="2024-11-06T17:35:38 IST" duration-ms="5862" status="PASS">
          <reporter-output>
          </reporter-output>
        </test-method> <!-- verifyVT003SearchAccounts -->
        <test-method is-config="true" signature="afterMethod(org.testng.ITestResult,java.lang.reflect.Method)[pri:0, instance:com.mondh.vtiger.TestScript.MarketingAccountTestScript@26794848]" started-at="2024-11-06T17:35:38 IST" name="afterMethod" finished-at="2024-11-06T17:35:40 IST" duration-ms="1500" status="PASS">
          <params>
            <param index="0">
              <value>
                <![CDATA[[TestResult name=verifyVT003SearchAccounts status=SUCCESS method=MarketingAccountTestScript.verifyVT003SearchAccounts()[pri:3, instance:com.mondh.vtiger.TestScript.MarketingAccountTestScript@26794848] output={null}]]]>
              </value>
            </param>
            <param index="1">
              <value>
                <![CDATA[public void com.mondh.vtiger.TestScript.MarketingAccountTestScript.verifyVT003SearchAccounts() throws java.lang.Exception]]>
              </value>
            </param>
          </params>
          <reporter-output>
          </reporter-output>
        </test-method> <!-- afterMethod -->
        <test-method is-config="true" signature="beforeMethod(java.lang.String,java.lang.String,java.lang.reflect.Method)[pri:0, instance:com.mondh.vtiger.TestScript.MarketingAccountTestScript@26794848]" started-at="2024-11-06T17:35:40 IST" name="beforeMethod" finished-at="2024-11-06T17:35:42 IST" duration-ms="2189" status="PASS">
          <params>
            <param index="0">
              <value>
                <![CDATA[admin]]>
              </value>
            </param>
            <param index="1">
              <value>
                <![CDATA[admin]]>
              </value>
            </param>
            <param index="2">
              <value>
                <![CDATA[public void com.mondh.vtiger.TestScript.MarketingAccountTestScript.verifyVT004DeleteAccount() throws java.lang.InterruptedException]]>
              </value>
            </param>
          </params>
          <reporter-output>
          </reporter-output>
        </test-method> <!-- beforeMethod -->
        <test-method signature="verifyVT004DeleteAccount()[pri:4, instance:com.mondh.vtiger.TestScript.MarketingAccountTestScript@26794848]" started-at="2024-11-06T17:35:42 IST" name="verifyVT004DeleteAccount" finished-at="2024-11-06T17:35:56 IST" duration-ms="13767" status="PASS">
          <reporter-output>
          </reporter-output>
        </test-method> <!-- verifyVT004DeleteAccount -->
        <test-method is-config="true" signature="afterMethod(org.testng.ITestResult,java.lang.reflect.Method)[pri:0, instance:com.mondh.vtiger.TestScript.MarketingAccountTestScript@26794848]" started-at="2024-11-06T17:35:56 IST" name="afterMethod" finished-at="2024-11-06T17:35:57 IST" duration-ms="1216" status="PASS">
          <params>
            <param index="0">
              <value>
                <![CDATA[[TestResult name=verifyVT004DeleteAccount status=SUCCESS method=MarketingAccountTestScript.verifyVT004DeleteAccount()[pri:4, instance:com.mondh.vtiger.TestScript.MarketingAccountTestScript@26794848] output={null}]]]>
              </value>
            </param>
            <param index="1">
              <value>
                <![CDATA[public void com.mondh.vtiger.TestScript.MarketingAccountTestScript.verifyVT004DeleteAccount() throws java.lang.InterruptedException]]>
              </value>
            </param>
          </params>
          <reporter-output>
          </reporter-output>
        </test-method> <!-- afterMethod -->
        <test-method is-config="true" signature="aftergroup()[pri:0, instance:com.mondh.vtiger.TestScript.MarketingAccountTestScript@26794848]" started-at="2024-11-06T17:35:57 IST" name="aftergroup" finished-at="2024-11-06T17:35:57 IST" duration-ms="2" status="PASS">
          <reporter-output>
          </reporter-output>
        </test-method> <!-- aftergroup -->
        <test-method is-config="true" signature="afterClass()[pri:0, instance:com.mondh.vtiger.TestScript.MarketingAccountTestScript@26794848]" started-at="2024-11-06T17:35:57 IST" name="afterClass" finished-at="2024-11-06T17:35:57 IST" duration-ms="225" status="PASS">
          <reporter-output>
          </reporter-output>
        </test-method> <!-- afterClass -->
        <test-method is-config="true" signature="afterSuite()[pri:0, instance:com.mondh.vtiger.TestScript.MarketingAccountTestScript@26794848]" started-at="2024-11-06T17:35:57 IST" name="afterSuite" finished-at="2024-11-06T17:35:57 IST" duration-ms="12" status="PASS">
          <reporter-output>
          </reporter-output>
        </test-method> <!-- afterSuite -->
      </class> <!-- com.mondh.vtiger.TestScript.MarketingAccountTestScript -->
    </test> <!-- marketing -->
  </suite> <!-- VtigerTesting -->
</testng-results>
