<?xml version="1.0" encoding="UTF-8"?>
<testng-results ignored="0" total="7" passed="7" failed="0" skipped="0">
  <reporter-output>
  </reporter-output>
  <suite started-at="2024-11-07T11:37:38 IST" name="VtigerTesting" finished-at="2024-11-07T11:39:56 IST" duration-ms="137808">
    <groups>
      <group name="Smoke">
        <method signature="MarketingAccountTestScript.verifyVT001CreateAccounts(java.lang.Object)[pri:1, instance:com.mondh.vtiger.TestScript.MarketingAccountTestScript@6ad82709]" name="verifyVT001CreateAccounts" class="com.mondh.vtiger.TestScript.MarketingAccountTestScript"/>
        <method signature="MarketingAccountTestScript.verifyVT002UpdateAccounts()[pri:2, instance:com.mondh.vtiger.TestScript.MarketingAccountTestScript@6ad82709]" name="verifyVT002UpdateAccounts" class="com.mondh.vtiger.TestScript.MarketingAccountTestScript"/>
        <method signature="MarketingAccountTestScript.verifyVT003SearchAccounts()[pri:3, instance:com.mondh.vtiger.TestScript.MarketingAccountTestScript@6ad82709]" name="verifyVT003SearchAccounts" class="com.mondh.vtiger.TestScript.MarketingAccountTestScript"/>
        <method signature="MarketingAccountTestScript.verifyVT004DeleteAccount()[pri:4, instance:com.mondh.vtiger.TestScript.MarketingAccountTestScript@6ad82709]" name="verifyVT004DeleteAccount" class="com.mondh.vtiger.TestScript.MarketingAccountTestScript"/>
      </group> <!-- Smoke -->
    </groups>
    <test started-at="2024-11-07T11:37:38 IST" name="marketing" finished-at="2024-11-07T11:39:56 IST" duration-ms="137808">
      <class name="com.mondh.vtiger.TestScript.MarketingAccountTestScript">
        <test-method is-config="true" signature="beforeSuite()[pri:0, instance:com.mondh.vtiger.TestScript.MarketingAccountTestScript@6ad82709]" started-at="2024-11-07T11:37:38 IST" name="beforeSuite" finished-at="2024-11-07T11:37:38 IST" duration-ms="354" status="PASS">
          <reporter-output>
          </reporter-output>
        </test-method> <!-- beforeSuite -->
        <test-method is-config="true" signature="beforeClass(java.lang.String)[pri:0, instance:com.mondh.vtiger.TestScript.MarketingAccountTestScript@6ad82709]" started-at="2024-11-07T11:37:38 IST" name="beforeClass" finished-at="2024-11-07T11:37:42 IST" duration-ms="3905" status="PASS">
          <params>
            <param index="0">
              <value>
                <![CDATA[ChromeBrowser]]>
              </value>
            </param>
          </params>
          <reporter-output>
          </reporter-output>
        </test-method> <!-- beforeClass -->
        <test-method is-config="true" signature="beforegroup()[pri:0, instance:com.mondh.vtiger.TestScript.MarketingAccountTestScript@6ad82709]" started-at="2024-11-07T11:37:43 IST" name="beforegroup" finished-at="2024-11-07T11:37:43 IST" duration-ms="2" status="PASS">
          <reporter-output>
          </reporter-output>
        </test-method> <!-- beforegroup -->
        <test-method is-config="true" signature="beforeMethod(java.lang.String,java.lang.String,java.lang.reflect.Method)[pri:0, instance:com.mondh.vtiger.TestScript.MarketingAccountTestScript@6ad82709]" started-at="2024-11-07T11:37:43 IST" name="beforeMethod" finished-at="2024-11-07T11:37:45 IST" duration-ms="2550" status="PASS">
          <params>
            <param index="0">
              <value>
                <![CDATA[admin]]>
              </value>
            </param>
            <param index="1">
              <value>
                <![CDATA[admin]]>
              </value>
            </param>
            <param index="2">
              <value>
                <![CDATA[public void com.mondh.vtiger.TestScript.MarketingAccountTestScript.verifyVT001CreateAccounts(java.lang.Object) throws java.lang.Exception]]>
              </value>
            </param>
          </params>
          <reporter-output>
          </reporter-output>
        </test-method> <!-- beforeMethod -->
        <test-method signature="verifyVT001CreateAccounts(java.lang.Object)[pri:1, instance:com.mondh.vtiger.TestScript.MarketingAccountTestScript@6ad82709]" started-at="2024-11-07T11:37:45 IST" name="verifyVT001CreateAccounts" data-provider="getData" finished-at="2024-11-07T11:38:03 IST" duration-ms="17717" status="PASS">
          <params>
            <param index="0">
              <value>
                <![CDATA[{WebSite=www.bhadohi.com, Account Name=rajaBhai, Email=mondhRaja420@gmai.com, TicketSymbol=djmodh, Fax=1239874565, Phone=2147483647}]]>
              </value>
            </param>
          </params>
          <reporter-output>
          </reporter-output>
        </test-method> <!-- verifyVT001CreateAccounts -->
        <test-method is-config="true" signature="afterMethod(org.testng.ITestResult,java.lang.reflect.Method)[pri:0, instance:com.mondh.vtiger.TestScript.MarketingAccountTestScript@6ad82709]" started-at="2024-11-07T11:38:03 IST" name="afterMethod" finished-at="2024-11-07T11:38:05 IST" duration-ms="1947" status="PASS">
          <params>
            <param index="0">
              <value>
                <![CDATA[[TestResult name=verifyVT001CreateAccounts status=SUCCESS method=MarketingAccountTestScript.verifyVT001CreateAccounts(java.lang.Object)[pri:1, instance:com.mondh.vtiger.TestScript.MarketingAccountTestScript@6ad82709] output={null}]]]>
              </value>
            </param>
            <param index="1">
              <value>
                <![CDATA[public void com.mondh.vtiger.TestScript.MarketingAccountTestScript.verifyVT001CreateAccounts(java.lang.Object) throws java.lang.Exception]]>
              </value>
            </param>
          </params>
          <reporter-output>
          </reporter-output>
        </test-method> <!-- afterMethod -->
        <test-method is-config="true" signature="beforeMethod(java.lang.String,java.lang.String,java.lang.reflect.Method)[pri:0, instance:com.mondh.vtiger.TestScript.MarketingAccountTestScript@6ad82709]" started-at="2024-11-07T11:38:05 IST" name="beforeMethod" finished-at="2024-11-07T11:38:07 IST" duration-ms="2151" status="PASS">
          <params>
            <param index="0">
              <value>
                <![CDATA[admin]]>
              </value>
            </param>
            <param index="1">
              <value>
                <![CDATA[admin]]>
              </value>
            </param>
            <param index="2">
              <value>
                <![CDATA[public void com.mondh.vtiger.TestScript.MarketingAccountTestScript.verifyVT001CreateAccounts(java.lang.Object) throws java.lang.Exception]]>
              </value>
            </param>
          </params>
          <reporter-output>
          </reporter-output>
        </test-method> <!-- beforeMethod -->
        <test-method signature="verifyVT001CreateAccounts(java.lang.Object)[pri:1, instance:com.mondh.vtiger.TestScript.MarketingAccountTestScript@6ad82709]" started-at="2024-11-07T11:38:07 IST" name="verifyVT001CreateAccounts" data-provider="getData" finished-at="2024-11-07T11:38:25 IST" duration-ms="17563" status="PASS">
          <params>
            <param index="0">
              <value>
                <![CDATA[{WebSite=www.ram.com, Account Name=ram, Email=mondhRaja420@gmai.com, TicketSymbol=djmodh, Fax=1239874565, Phone=2147483647}]]>
              </value>
            </param>
          </params>
          <reporter-output>
          </reporter-output>
        </test-method> <!-- verifyVT001CreateAccounts -->
        <test-method is-config="true" signature="afterMethod(org.testng.ITestResult,java.lang.reflect.Method)[pri:0, instance:com.mondh.vtiger.TestScript.MarketingAccountTestScript@6ad82709]" started-at="2024-11-07T11:38:25 IST" name="afterMethod" finished-at="2024-11-07T11:38:26 IST" duration-ms="1166" status="PASS">
          <params>
            <param index="0">
              <value>
                <![CDATA[[TestResult name=verifyVT001CreateAccounts status=SUCCESS method=MarketingAccountTestScript.verifyVT001CreateAccounts(java.lang.Object)[pri:1, instance:com.mondh.vtiger.TestScript.MarketingAccountTestScript@6ad82709] output={null}]]]>
              </value>
            </param>
            <param index="1">
              <value>
                <![CDATA[public void com.mondh.vtiger.TestScript.MarketingAccountTestScript.verifyVT001CreateAccounts(java.lang.Object) throws java.lang.Exception]]>
              </value>
            </param>
          </params>
          <reporter-output>
          </reporter-output>
        </test-method> <!-- afterMethod -->
        <test-method is-config="true" signature="beforeMethod(java.lang.String,java.lang.String,java.lang.reflect.Method)[pri:0, instance:com.mondh.vtiger.TestScript.MarketingAccountTestScript@6ad82709]" started-at="2024-11-07T11:38:26 IST" name="beforeMethod" finished-at="2024-11-07T11:38:28 IST" duration-ms="2145" status="PASS">
          <params>
            <param index="0">
              <value>
                <![CDATA[admin]]>
              </value>
            </param>
            <param index="1">
              <value>
                <![CDATA[admin]]>
              </value>
            </param>
            <param index="2">
              <value>
                <![CDATA[public void com.mondh.vtiger.TestScript.MarketingAccountTestScript.verifyVT001CreateAccounts(java.lang.Object) throws java.lang.Exception]]>
              </value>
            </param>
          </params>
          <reporter-output>
          </reporter-output>
        </test-method> <!-- beforeMethod -->
        <test-method signature="verifyVT001CreateAccounts(java.lang.Object)[pri:1, instance:com.mondh.vtiger.TestScript.MarketingAccountTestScript@6ad82709]" started-at="2024-11-07T11:38:28 IST" name="verifyVT001CreateAccounts" data-provider="getData" finished-at="2024-11-07T11:38:45 IST" duration-ms="17409" status="PASS">
          <params>
            <param index="0">
              <value>
                <![CDATA[{WebSite=www.Rohit.com, Account Name=Rohit, Email=mondhRaja420@gmai.com, TicketSymbol=djmodh, Fax=1239874565, Phone=2147483647}]]>
              </value>
            </param>
          </params>
          <reporter-output>
          </reporter-output>
        </test-method> <!-- verifyVT001CreateAccounts -->
        <test-method is-config="true" signature="afterMethod(org.testng.ITestResult,java.lang.reflect.Method)[pri:0, instance:com.mondh.vtiger.TestScript.MarketingAccountTestScript@6ad82709]" started-at="2024-11-07T11:38:46 IST" name="afterMethod" finished-at="2024-11-07T11:38:47 IST" duration-ms="1503" status="PASS">
          <params>
            <param index="0">
              <value>
                <![CDATA[[TestResult name=verifyVT001CreateAccounts status=SUCCESS method=MarketingAccountTestScript.verifyVT001CreateAccounts(java.lang.Object)[pri:1, instance:com.mondh.vtiger.TestScript.MarketingAccountTestScript@6ad82709] output={null}]]]>
              </value>
            </param>
            <param index="1">
              <value>
                <![CDATA[public void com.mondh.vtiger.TestScript.MarketingAccountTestScript.verifyVT001CreateAccounts(java.lang.Object) throws java.lang.Exception]]>
              </value>
            </param>
          </params>
          <reporter-output>
          </reporter-output>
        </test-method> <!-- afterMethod -->
        <test-method is-config="true" signature="beforeMethod(java.lang.String,java.lang.String,java.lang.reflect.Method)[pri:0, instance:com.mondh.vtiger.TestScript.MarketingAccountTestScript@6ad82709]" started-at="2024-11-07T11:38:47 IST" name="beforeMethod" finished-at="2024-11-07T11:38:49 IST" duration-ms="2266" status="PASS">
          <params>
            <param index="0">
              <value>
                <![CDATA[admin]]>
              </value>
            </param>
            <param index="1">
              <value>
                <![CDATA[admin]]>
              </value>
            </param>
            <param index="2">
              <value>
                <![CDATA[public void com.mondh.vtiger.TestScript.MarketingAccountTestScript.verifyVT001CreateAccounts(java.lang.Object) throws java.lang.Exception]]>
              </value>
            </param>
          </params>
          <reporter-output>
          </reporter-output>
        </test-method> <!-- beforeMethod -->
        <test-method signature="verifyVT001CreateAccounts(java.lang.Object)[pri:1, instance:com.mondh.vtiger.TestScript.MarketingAccountTestScript@6ad82709]" started-at="2024-11-07T11:38:49 IST" name="verifyVT001CreateAccounts" data-provider="getData" finished-at="2024-11-07T11:39:07 IST" duration-ms="17773" status="PASS">
          <params>
            <param index="0">
              <value>
                <![CDATA[{WebSite=www.priya.com, Account Name=Priya, Email=mondhRaja420@gmai.com, TicketSymbol=djmodh, Fax=1239874565, Phone=2147483647}]]>
              </value>
            </param>
          </params>
          <reporter-output>
          </reporter-output>
        </test-method> <!-- verifyVT001CreateAccounts -->
        <test-method is-config="true" signature="afterMethod(org.testng.ITestResult,java.lang.reflect.Method)[pri:0, instance:com.mondh.vtiger.TestScript.MarketingAccountTestScript@6ad82709]" started-at="2024-11-07T11:39:07 IST" name="afterMethod" finished-at="2024-11-07T11:39:08 IST" duration-ms="1382" status="PASS">
          <params>
            <param index="0">
              <value>
                <![CDATA[[TestResult name=verifyVT001CreateAccounts status=SUCCESS method=MarketingAccountTestScript.verifyVT001CreateAccounts(java.lang.Object)[pri:1, instance:com.mondh.vtiger.TestScript.MarketingAccountTestScript@6ad82709] output={null}]]]>
              </value>
            </param>
            <param index="1">
              <value>
                <![CDATA[public void com.mondh.vtiger.TestScript.MarketingAccountTestScript.verifyVT001CreateAccounts(java.lang.Object) throws java.lang.Exception]]>
              </value>
            </param>
          </params>
          <reporter-output>
          </reporter-output>
        </test-method> <!-- afterMethod -->
        <test-method is-config="true" signature="beforeMethod(java.lang.String,java.lang.String,java.lang.reflect.Method)[pri:0, instance:com.mondh.vtiger.TestScript.MarketingAccountTestScript@6ad82709]" started-at="2024-11-07T11:39:08 IST" name="beforeMethod" finished-at="2024-11-07T11:39:11 IST" duration-ms="2169" status="PASS">
          <params>
            <param index="0">
              <value>
                <![CDATA[admin]]>
              </value>
            </param>
            <param index="1">
              <value>
                <![CDATA[admin]]>
              </value>
            </param>
            <param index="2">
              <value>
                <![CDATA[public void com.mondh.vtiger.TestScript.MarketingAccountTestScript.verifyVT002UpdateAccounts() throws java.lang.Exception]]>
              </value>
            </param>
          </params>
          <reporter-output>
          </reporter-output>
        </test-method> <!-- beforeMethod -->
        <test-method signature="verifyVT002UpdateAccounts()[pri:2, instance:com.mondh.vtiger.TestScript.MarketingAccountTestScript@6ad82709]" started-at="2024-11-07T11:39:11 IST" name="verifyVT002UpdateAccounts" finished-at="2024-11-07T11:39:27 IST" duration-ms="16681" status="PASS">
          <reporter-output>
          </reporter-output>
        </test-method> <!-- verifyVT002UpdateAccounts -->
        <test-method is-config="true" signature="afterMethod(org.testng.ITestResult,java.lang.reflect.Method)[pri:0, instance:com.mondh.vtiger.TestScript.MarketingAccountTestScript@6ad82709]" started-at="2024-11-07T11:39:27 IST" name="afterMethod" finished-at="2024-11-07T11:39:29 IST" duration-ms="1336" status="PASS">
          <params>
            <param index="0">
              <value>
                <![CDATA[[TestResult name=verifyVT002UpdateAccounts status=SUCCESS method=MarketingAccountTestScript.verifyVT002UpdateAccounts()[pri:2, instance:com.mondh.vtiger.TestScript.MarketingAccountTestScript@6ad82709] output={null}]]]>
              </value>
            </param>
            <param index="1">
              <value>
                <![CDATA[public void com.mondh.vtiger.TestScript.MarketingAccountTestScript.verifyVT002UpdateAccounts() throws java.lang.Exception]]>
              </value>
            </param>
          </params>
          <reporter-output>
          </reporter-output>
        </test-method> <!-- afterMethod -->
        <test-method is-config="true" signature="beforeMethod(java.lang.String,java.lang.String,java.lang.reflect.Method)[pri:0, instance:com.mondh.vtiger.TestScript.MarketingAccountTestScript@6ad82709]" started-at="2024-11-07T11:39:29 IST" name="beforeMethod" finished-at="2024-11-07T11:39:31 IST" duration-ms="2175" status="PASS">
          <params>
            <param index="0">
              <value>
                <![CDATA[admin]]>
              </value>
            </param>
            <param index="1">
              <value>
                <![CDATA[admin]]>
              </value>
            </param>
            <param index="2">
              <value>
                <![CDATA[public void com.mondh.vtiger.TestScript.MarketingAccountTestScript.verifyVT003SearchAccounts() throws java.lang.Exception]]>
              </value>
            </param>
          </params>
          <reporter-output>
          </reporter-output>
        </test-method> <!-- beforeMethod -->
        <test-method signature="verifyVT003SearchAccounts()[pri:3, instance:com.mondh.vtiger.TestScript.MarketingAccountTestScript@6ad82709]" started-at="2024-11-07T11:39:31 IST" name="verifyVT003SearchAccounts" finished-at="2024-11-07T11:39:36 IST" duration-ms="5606" status="PASS">
          <reporter-output>
          </reporter-output>
        </test-method> <!-- verifyVT003SearchAccounts -->
        <test-method is-config="true" signature="afterMethod(org.testng.ITestResult,java.lang.reflect.Method)[pri:0, instance:com.mondh.vtiger.TestScript.MarketingAccountTestScript@6ad82709]" started-at="2024-11-07T11:39:36 IST" name="afterMethod" finished-at="2024-11-07T11:39:38 IST" duration-ms="1443" status="PASS">
          <params>
            <param index="0">
              <value>
                <![CDATA[[TestResult name=verifyVT003SearchAccounts status=SUCCESS method=MarketingAccountTestScript.verifyVT003SearchAccounts()[pri:3, instance:com.mondh.vtiger.TestScript.MarketingAccountTestScript@6ad82709] output={null}]]]>
              </value>
            </param>
            <param index="1">
              <value>
                <![CDATA[public void com.mondh.vtiger.TestScript.MarketingAccountTestScript.verifyVT003SearchAccounts() throws java.lang.Exception]]>
              </value>
            </param>
          </params>
          <reporter-output>
          </reporter-output>
        </test-method> <!-- afterMethod -->
        <test-method is-config="true" signature="beforeMethod(java.lang.String,java.lang.String,java.lang.reflect.Method)[pri:0, instance:com.mondh.vtiger.TestScript.MarketingAccountTestScript@6ad82709]" started-at="2024-11-07T11:39:38 IST" name="beforeMethod" finished-at="2024-11-07T11:39:40 IST" duration-ms="2133" status="PASS">
          <params>
            <param index="0">
              <value>
                <![CDATA[admin]]>
              </value>
            </param>
            <param index="1">
              <value>
                <![CDATA[admin]]>
              </value>
            </param>
            <param index="2">
              <value>
                <![CDATA[public void com.mondh.vtiger.TestScript.MarketingAccountTestScript.verifyVT004DeleteAccount() throws java.lang.InterruptedException]]>
              </value>
            </param>
          </params>
          <reporter-output>
          </reporter-output>
        </test-method> <!-- beforeMethod -->
        <test-method signature="verifyVT004DeleteAccount()[pri:4, instance:com.mondh.vtiger.TestScript.MarketingAccountTestScript@6ad82709]" started-at="2024-11-07T11:39:40 IST" name="verifyVT004DeleteAccount" finished-at="2024-11-07T11:39:54 IST" duration-ms="14286" status="PASS">
          <reporter-output>
          </reporter-output>
        </test-method> <!-- verifyVT004DeleteAccount -->
        <test-method is-config="true" signature="afterMethod(org.testng.ITestResult,java.lang.reflect.Method)[pri:0, instance:com.mondh.vtiger.TestScript.MarketingAccountTestScript@6ad82709]" started-at="2024-11-07T11:39:54 IST" name="afterMethod" finished-at="2024-11-07T11:39:55 IST" duration-ms="1126" status="PASS">
          <params>
            <param index="0">
              <value>
                <![CDATA[[TestResult name=verifyVT004DeleteAccount status=SUCCESS method=MarketingAccountTestScript.verifyVT004DeleteAccount()[pri:4, instance:com.mondh.vtiger.TestScript.MarketingAccountTestScript@6ad82709] output={null}]]]>
              </value>
            </param>
            <param index="1">
              <value>
                <![CDATA[public void com.mondh.vtiger.TestScript.MarketingAccountTestScript.verifyVT004DeleteAccount() throws java.lang.InterruptedException]]>
              </value>
            </param>
          </params>
          <reporter-output>
          </reporter-output>
        </test-method> <!-- afterMethod -->
        <test-method is-config="true" signature="aftergroup()[pri:0, instance:com.mondh.vtiger.TestScript.MarketingAccountTestScript@6ad82709]" started-at="2024-11-07T11:39:55 IST" name="aftergroup" finished-at="2024-11-07T11:39:55 IST" duration-ms="2" status="PASS">
          <reporter-output>
          </reporter-output>
        </test-method> <!-- aftergroup -->
        <test-method is-config="true" signature="afterClass()[pri:0, instance:com.mondh.vtiger.TestScript.MarketingAccountTestScript@6ad82709]" started-at="2024-11-07T11:39:55 IST" name="afterClass" finished-at="2024-11-07T11:39:56 IST" duration-ms="270" status="PASS">
          <reporter-output>
          </reporter-output>
        </test-method> <!-- afterClass -->
        <test-method is-config="true" signature="afterSuite()[pri:0, instance:com.mondh.vtiger.TestScript.MarketingAccountTestScript@6ad82709]" started-at="2024-11-07T11:39:56 IST" name="afterSuite" finished-at="2024-11-07T11:39:56 IST" duration-ms="12" status="PASS">
          <reporter-output>
          </reporter-output>
        </test-method> <!-- afterSuite -->
      </class> <!-- com.mondh.vtiger.TestScript.MarketingAccountTestScript -->
    </test> <!-- marketing -->
  </suite> <!-- VtigerTesting -->
</testng-results>
