<?xml version="1.0" encoding="UTF-8"?>
<!-- Generated by org.testng.reporters.JUnitXMLReporter -->
<testsuite ignored="3" hostname="RITESH" failures="0" tests="4" name="marketing" time="71.79" errors="0" timestamp="2024-11-04T17:04:22 IST">
  <testcase classname="com.mondh.vtiger.TestScript.MarketingAccountTestScript" name="verifyVT001CreateAccounts" time="17.752"/>
  <testcase classname="com.mondh.vtiger.TestScript.MarketingAccountTestScript" name="verifyVT002UpdateAccounts" time="15.58"/>
  <testcase classname="com.mondh.vtiger.TestScript.MarketingAccountTestScript" name="verifyVT003SearchAccounts" time="5.032"/>
  <testcase classname="com.mondh.vtiger.TestScript.MarketingAccountTestScript" name="verifyVT004DeleteAccount" time="13.221"/>
  <testcase classname="com.mondh.vtiger.TestScript.InventoryInvoiceTestScript" name="verifyVT005CreateInvoice" time="0.0">
    <ignored/>
  </testcase> <!-- verifyVT005CreateInvoice -->
  <testcase classname="com.mondh.vtiger.TestScript.BaseTest" name="@BeforeSuite beforeSuite" time="0.0">
    <ignored/>
  </testcase> <!-- @BeforeSuite beforeSuite -->
  <testcase classname="com.mondh.vtiger.TestScript.BaseTest" name="@AfterSuite afterSuite" time="0.0">
    <ignored/>
  </testcase> <!-- @AfterSuite afterSuite -->
</testsuite> <!-- marketing -->
