<?xml version="1.0" encoding="UTF-8"?>
<!-- Generated by org.testng.reporters.JUnitXMLReporter -->
<testsuite ignored="1" hostname="RITESH" failures="0" tests="1" name="Default test" time="0.151" errors="0" timestamp="2024-10-02T19:58:49 IST">
  <testcase classname="com.mondh.vtiger.TestScript.ListenerBase" name="method1" time="0.025"/>
  <testcase classname="com.mondh.vtiger.TestScript.ListenerBase" name="method2" time="0.0">
    <ignored/>
  </testcase> <!-- method2 -->
</testsuite> <!-- Default test -->
