<?xml version="1.0" encoding="UTF-8"?>
<testng-results ignored="0" total="1" passed="1" failed="0" skipped="0">
  <reporter-output>
  </reporter-output>
  <suite started-at="2024-10-13T21:14:05 IST" name="Default suite" finished-at="2024-10-13T21:14:06 IST" duration-ms="1155">
    <groups>
    </groups>
    <test started-at="2024-10-13T21:14:05 IST" name="Default test" finished-at="2024-10-13T21:14:06 IST" duration-ms="1155">
      <class name="com.mondh.vtiger.TestScript.RunnerClass">
        <test-method is-config="true" signature="beforeSuite()[pri:0, instance:com.mondh.vtiger.TestScript.RunnerClass@645aa696]" started-at="2024-10-13T21:14:04 IST" name="beforeSuite" finished-at="2024-10-13T21:14:05 IST" duration-ms="858" status="PASS">
          <reporter-output>
          </reporter-output>
        </test-method> <!-- beforeSuite -->
        <test-method is-config="true" signature="beforeTest()[pri:0, instance:com.mondh.vtiger.TestScript.RunnerClass@645aa696]" started-at="2024-10-13T21:14:05 IST" name="beforeTest" finished-at="2024-10-13T21:14:05 IST" duration-ms="0" status="PASS">
          <reporter-output>
          </reporter-output>
        </test-method> <!-- beforeTest -->
        <test-method is-config="true" signature="beforeClass()[pri:0, instance:com.mondh.vtiger.TestScript.RunnerClass@645aa696]" started-at="2024-10-13T21:14:05 IST" name="beforeClass" finished-at="2024-10-13T21:14:05 IST" duration-ms="1" status="PASS">
          <reporter-output>
          </reporter-output>
        </test-method> <!-- beforeClass -->
        <test-method is-config="true" signature="beforeMethod()[pri:0, instance:com.mondh.vtiger.TestScript.RunnerClass@645aa696]" started-at="2024-10-13T21:14:05 IST" name="beforeMethod" finished-at="2024-10-13T21:14:05 IST" duration-ms="0" status="PASS">
          <reporter-output>
          </reporter-output>
        </test-method> <!-- beforeMethod -->
        <test-method signature="main()[pri:0, instance:com.mondh.vtiger.TestScript.RunnerClass@645aa696]" started-at="2024-10-13T21:14:05 IST" name="main" finished-at="2024-10-13T21:14:06 IST" duration-ms="1113" status="PASS">
          <reporter-output>
          </reporter-output>
        </test-method> <!-- main -->
        <test-method is-config="true" signature="aftermethod()[pri:0, instance:com.mondh.vtiger.TestScript.RunnerClass@645aa696]" started-at="2024-10-13T21:14:06 IST" name="aftermethod" finished-at="2024-10-13T21:14:06 IST" duration-ms="1" status="PASS">
          <reporter-output>
          </reporter-output>
        </test-method> <!-- aftermethod -->
        <test-method is-config="true" signature="afterClass()[pri:0, instance:com.mondh.vtiger.TestScript.RunnerClass@645aa696]" started-at="2024-10-13T21:14:06 IST" name="afterClass" finished-at="2024-10-13T21:14:06 IST" duration-ms="0" status="PASS">
          <reporter-output>
          </reporter-output>
        </test-method> <!-- afterClass -->
        <test-method is-config="true" signature="afterTest()[pri:0, instance:com.mondh.vtiger.TestScript.RunnerClass@645aa696]" started-at="2024-10-13T21:14:06 IST" name="afterTest" finished-at="2024-10-13T21:14:06 IST" duration-ms="0" status="PASS">
          <reporter-output>
          </reporter-output>
        </test-method> <!-- afterTest -->
        <test-method is-config="true" signature="afterSuite()[pri:0, instance:com.mondh.vtiger.TestScript.RunnerClass@645aa696]" started-at="2024-10-13T21:14:07 IST" name="afterSuite" finished-at="2024-10-13T21:14:07 IST" duration-ms="0" status="PASS">
          <reporter-output>
          </reporter-output>
        </test-method> <!-- afterSuite -->
      </class> <!-- com.mondh.vtiger.TestScript.RunnerClass -->
    </test> <!-- Default test -->
  </suite> <!-- Default suite -->
</testng-results>
