<?xml version="1.0" encoding="UTF-8"?>
<testng-results ignored="0" total="4" passed="4" failed="0" skipped="0">
  <reporter-output>
  </reporter-output>
  <suite started-at="2024-09-17T19:35:16 IST" name="VtigerTesting" finished-at="2024-09-17T19:36:49 IST" duration-ms="92376">
    <groups>
      <group name="Smoke">
        <method signature="MarketingAccountTestScript.verifyVT001CreateAccounts()[pri:1, instance:com.mondh.vtiger.TestScript.MarketingAccountTestScript@cc43f62]" name="verifyVT001CreateAccounts" class="com.mondh.vtiger.TestScript.MarketingAccountTestScript"/>
        <method signature="MarketingAccountTestScript.verifyVT002UpdateAccounts()[pri:2, instance:com.mondh.vtiger.TestScript.MarketingAccountTestScript@cc43f62]" name="verifyVT002UpdateAccounts" class="com.mondh.vtiger.TestScript.MarketingAccountTestScript"/>
        <method signature="MarketingAccountTestScript.verifyVT003SearchAccounts()[pri:3, instance:com.mondh.vtiger.TestScript.MarketingAccountTestScript@cc43f62]" name="verifyVT003SearchAccounts" class="com.mondh.vtiger.TestScript.MarketingAccountTestScript"/>
        <method signature="MarketingAccountTestScript.verifyVT004DeleteAccount()[pri:4, instance:com.mondh.vtiger.TestScript.MarketingAccountTestScript@cc43f62]" name="verifyVT004DeleteAccount" class="com.mondh.vtiger.TestScript.MarketingAccountTestScript"/>
      </group> <!-- Smoke -->
    </groups>
    <test started-at="2024-09-17T19:35:16 IST" name="marketing" finished-at="2024-09-17T19:36:49 IST" duration-ms="92376">
      <class name="com.mondh.vtiger.TestScript.MarketingAccountTestScript">
        <test-method is-config="true" signature="beforeSuite()[pri:0, instance:com.mondh.vtiger.TestScript.MarketingAccountTestScript@cc43f62]" started-at="2024-09-17T19:35:16 IST" name="beforeSuite" finished-at="2024-09-17T19:35:16 IST" duration-ms="26" status="PASS">
          <reporter-output>
          </reporter-output>
        </test-method> <!-- beforeSuite -->
        <test-method is-config="true" signature="beforeClass(java.lang.String)[pri:0, instance:com.mondh.vtiger.TestScript.MarketingAccountTestScript@cc43f62]" started-at="2024-09-17T19:35:16 IST" name="beforeClass" finished-at="2024-09-17T19:35:25 IST" duration-ms="8689" status="PASS">
          <params>
            <param index="0">
              <value>
                <![CDATA[ChromeBrowser]]>
              </value>
            </param>
          </params>
          <reporter-output>
          </reporter-output>
        </test-method> <!-- beforeClass -->
        <test-method is-config="true" signature="beforegroup()[pri:0, instance:com.mondh.vtiger.TestScript.MarketingAccountTestScript@cc43f62]" started-at="2024-09-17T19:35:25 IST" name="beforegroup" finished-at="2024-09-17T19:35:25 IST" duration-ms="0" status="PASS">
          <reporter-output>
          </reporter-output>
        </test-method> <!-- beforegroup -->
        <test-method is-config="true" signature="beforeMethod(java.lang.String,java.lang.String)[pri:0, instance:com.mondh.vtiger.TestScript.MarketingAccountTestScript@cc43f62]" started-at="2024-09-17T19:35:25 IST" name="beforeMethod" finished-at="2024-09-17T19:35:33 IST" duration-ms="7656" status="PASS">
          <params>
            <param index="0">
              <value>
                <![CDATA[admin]]>
              </value>
            </param>
            <param index="1">
              <value>
                <![CDATA[admin]]>
              </value>
            </param>
          </params>
          <reporter-output>
          </reporter-output>
        </test-method> <!-- beforeMethod -->
        <test-method signature="verifyVT001CreateAccounts()[pri:1, instance:com.mondh.vtiger.TestScript.MarketingAccountTestScript@cc43f62]" started-at="2024-09-17T19:35:33 IST" name="verifyVT001CreateAccounts" finished-at="2024-09-17T19:36:02 IST" duration-ms="29320" status="PASS">
          <reporter-output>
          </reporter-output>
        </test-method> <!-- verifyVT001CreateAccounts -->
        <test-method is-config="true" signature="afterMethod()[pri:0, instance:com.mondh.vtiger.TestScript.MarketingAccountTestScript@cc43f62]" started-at="2024-09-17T19:36:02 IST" name="afterMethod" finished-at="2024-09-17T19:36:03 IST" duration-ms="1385" status="PASS">
          <reporter-output>
          </reporter-output>
        </test-method> <!-- afterMethod -->
        <test-method is-config="true" signature="beforeMethod(java.lang.String,java.lang.String)[pri:0, instance:com.mondh.vtiger.TestScript.MarketingAccountTestScript@cc43f62]" started-at="2024-09-17T19:36:03 IST" name="beforeMethod" finished-at="2024-09-17T19:36:05 IST" duration-ms="1569" status="PASS">
          <params>
            <param index="0">
              <value>
                <![CDATA[admin]]>
              </value>
            </param>
            <param index="1">
              <value>
                <![CDATA[admin]]>
              </value>
            </param>
          </params>
          <reporter-output>
          </reporter-output>
        </test-method> <!-- beforeMethod -->
        <test-method signature="verifyVT002UpdateAccounts()[pri:2, instance:com.mondh.vtiger.TestScript.MarketingAccountTestScript@cc43f62]" started-at="2024-09-17T19:36:05 IST" name="verifyVT002UpdateAccounts" finished-at="2024-09-17T19:36:21 IST" duration-ms="15938" status="PASS">
          <reporter-output>
          </reporter-output>
        </test-method> <!-- verifyVT002UpdateAccounts -->
        <test-method is-config="true" signature="afterMethod()[pri:0, instance:com.mondh.vtiger.TestScript.MarketingAccountTestScript@cc43f62]" started-at="2024-09-17T19:36:21 IST" name="afterMethod" finished-at="2024-09-17T19:36:22 IST" duration-ms="1151" status="PASS">
          <reporter-output>
          </reporter-output>
        </test-method> <!-- afterMethod -->
        <test-method is-config="true" signature="beforeMethod(java.lang.String,java.lang.String)[pri:0, instance:com.mondh.vtiger.TestScript.MarketingAccountTestScript@cc43f62]" started-at="2024-09-17T19:36:22 IST" name="beforeMethod" finished-at="2024-09-17T19:36:24 IST" duration-ms="2100" status="PASS">
          <params>
            <param index="0">
              <value>
                <![CDATA[admin]]>
              </value>
            </param>
            <param index="1">
              <value>
                <![CDATA[admin]]>
              </value>
            </param>
          </params>
          <reporter-output>
          </reporter-output>
        </test-method> <!-- beforeMethod -->
        <test-method signature="verifyVT003SearchAccounts()[pri:3, instance:com.mondh.vtiger.TestScript.MarketingAccountTestScript@cc43f62]" started-at="2024-09-17T19:36:24 IST" name="verifyVT003SearchAccounts" finished-at="2024-09-17T19:36:30 IST" depends-on-methods="com.mondh.vtiger.TestScript.MarketingAccountTestScript.verifyVT002UpdateAccounts" duration-ms="5421" status="PASS">
          <reporter-output>
          </reporter-output>
        </test-method> <!-- verifyVT003SearchAccounts -->
        <test-method is-config="true" signature="afterMethod()[pri:0, instance:com.mondh.vtiger.TestScript.MarketingAccountTestScript@cc43f62]" started-at="2024-09-17T19:36:30 IST" name="afterMethod" finished-at="2024-09-17T19:36:31 IST" duration-ms="1434" status="PASS">
          <reporter-output>
          </reporter-output>
        </test-method> <!-- afterMethod -->
        <test-method is-config="true" signature="beforeMethod(java.lang.String,java.lang.String)[pri:0, instance:com.mondh.vtiger.TestScript.MarketingAccountTestScript@cc43f62]" started-at="2024-09-17T19:36:31 IST" name="beforeMethod" finished-at="2024-09-17T19:36:33 IST" duration-ms="2140" status="PASS">
          <params>
            <param index="0">
              <value>
                <![CDATA[admin]]>
              </value>
            </param>
            <param index="1">
              <value>
                <![CDATA[admin]]>
              </value>
            </param>
          </params>
          <reporter-output>
          </reporter-output>
        </test-method> <!-- beforeMethod -->
        <test-method signature="verifyVT004DeleteAccount()[pri:4, instance:com.mondh.vtiger.TestScript.MarketingAccountTestScript@cc43f62]" started-at="2024-09-17T19:36:33 IST" name="verifyVT004DeleteAccount" finished-at="2024-09-17T19:36:47 IST" duration-ms="14144" status="PASS">
          <reporter-output>
          </reporter-output>
        </test-method> <!-- verifyVT004DeleteAccount -->
        <test-method is-config="true" signature="afterMethod()[pri:0, instance:com.mondh.vtiger.TestScript.MarketingAccountTestScript@cc43f62]" started-at="2024-09-17T19:36:47 IST" name="afterMethod" finished-at="2024-09-17T19:36:48 IST" duration-ms="1118" status="PASS">
          <reporter-output>
          </reporter-output>
        </test-method> <!-- afterMethod -->
        <test-method is-config="true" signature="aftergroup()[pri:0, instance:com.mondh.vtiger.TestScript.MarketingAccountTestScript@cc43f62]" started-at="2024-09-17T19:36:48 IST" name="aftergroup" finished-at="2024-09-17T19:36:48 IST" duration-ms="2" status="PASS">
          <reporter-output>
          </reporter-output>
        </test-method> <!-- aftergroup -->
        <test-method is-config="true" signature="afterClass()[pri:0, instance:com.mondh.vtiger.TestScript.MarketingAccountTestScript@cc43f62]" started-at="2024-09-17T19:36:48 IST" name="afterClass" finished-at="2024-09-17T19:36:49 IST" duration-ms="213" status="PASS">
          <reporter-output>
          </reporter-output>
        </test-method> <!-- afterClass -->
        <test-method is-config="true" signature="afterSuite()[pri:0, instance:com.mondh.vtiger.TestScript.MarketingAccountTestScript@cc43f62]" started-at="2024-09-17T19:36:49 IST" name="afterSuite" finished-at="2024-09-17T19:36:49 IST" duration-ms="0" status="PASS">
          <reporter-output>
          </reporter-output>
        </test-method> <!-- afterSuite -->
      </class> <!-- com.mondh.vtiger.TestScript.MarketingAccountTestScript -->
    </test> <!-- marketing -->
  </suite> <!-- VtigerTesting -->
</testng-results>
