<?xml version="1.0" encoding="UTF-8"?>
<!-- Generated by org.testng.reporters.JUnitXMLReporter -->
<testsuite ignored="3" hostname="RITESH" failures="0" tests="1" name="Default test" time="1.155" errors="0" timestamp="2024-10-13T21:14:07 IST">
  <testcase classname="com.mondh.vtiger.TestScript.RunnerClass" name="main" time="1.113"/>
  <testcase classname="com.mondh.vtiger.TestScript.RunnerClass" name="string1" time="0.0">
    <ignored/>
  </testcase> <!-- string1 -->
  <testcase classname="com.mondh.vtiger.TestScript.RunnerClass" name="string2" time="0.0">
    <ignored/>
  </testcase> <!-- string2 -->
  <testcase classname="com.mondh.vtiger.TestScript.RunnerClass" name="string3" time="0.0">
    <ignored/>
  </testcase> <!-- string3 -->
</testsuite> <!-- Default test -->
